This file contains any messages produced by compilers while
running configure, to aid debugging if configure makes a mistake.

It was created by guththilac-src configure 1.6.0, which was
generated by GNU Autoconf 2.61.  Invocation command line was

  $ ./configure --prefix=/home/manjula/release/c/deploy --enable-tests=yes --with-apache2=/usr/local/apache2/include --enable-tcp=yes --with-archive=/usr/include CFLAGS=-g3 -O0 --cache-file=/dev/null --srcdir=.

## --------- ##
## Platform. ##
## --------- ##

hostname = manjula
uname -m = i686
uname -r = 2.6.22-14-generic
uname -s = Linux
uname -v = #1 SMP Tue Dec 18 08:02:57 UTC 2007

/usr/bin/uname -p = unknown
/bin/uname -X     = unknown

/bin/arch              = unknown
/usr/bin/arch -k       = unknown
/usr/convex/getsysinfo = unknown
/usr/bin/hostinfo      = unknown
/bin/machine           = unknown
/usr/bin/oslevel       = unknown
/bin/universe          = unknown

PATH: /usr/local/sbin
PATH: /usr/local/bin
PATH: /usr/sbin
PATH: /usr/bin
PATH: /sbin
PATH: /bin
PATH: /usr/games
PATH: /home/manjula/software/jdk1.5.0_08/bin
PATH: /home/manjula/tomcat/jakarta-tomcat-4.1.31/bin
PATH: /home/manjula/apache-ant-1.6.5/bin
PATH: /home/manjula/software/maven-1.0.2/bin
PATH: /home/manjula/software/jdk1.5.0_08/bin
PATH: /home/manjula/tomcat/jakarta-tomcat-4.1.31/bin
PATH: /home/manjula/apache-ant-1.6.5/bin
PATH: /home/manjula/software/maven-1.0.2/bin


## ----------- ##
## Core tests. ##
## ----------- ##

configure:1974: checking build system type
configure:1992: result: i686-pc-linux-gnu
configure:2014: checking host system type
configure:2029: result: i686-pc-linux-gnu
configure:2051: checking target system type
configure:2066: result: i686-pc-linux-gnu
configure:2111: checking for a BSD-compatible install
configure:2167: result: /usr/bin/install -c
configure:2178: checking whether build environment is sane
configure:2221: result: yes
configure:2249: checking for a thread-safe mkdir -p
configure:2288: result: /bin/mkdir -p
configure:2301: checking for gawk
configure:2331: result: no
configure:2301: checking for mawk
configure:2317: found /usr/bin/mawk
configure:2328: result: mawk
configure:2339: checking whether make sets $(MAKE)
configure:2360: result: yes
configure:2600: checking for gcc
configure:2616: found /usr/bin/gcc
configure:2627: result: gcc
configure:2865: checking for C compiler version
configure:2872: gcc --version >&5
gcc (GCC) 4.1.3 20070929 (prerelease) (Ubuntu 4.1.2-16ubuntu2)
Copyright (C) 2006 Free Software Foundation, Inc.
This is free software; see the source for copying conditions.  There is NO
warranty; not even for MERCHANTABILITY or FITNESS FOR A PARTICULAR PURPOSE.

configure:2875: $? = 0
configure:2882: gcc -v >&5
Using built-in specs.
Target: i486-linux-gnu
Configured with: ../src/configure -v --enable-languages=c,c++,fortran,objc,obj-c++,treelang --prefix=/usr --enable-shared --with-system-zlib --libexecdir=/usr/lib --without-included-gettext --enable-threads=posix --enable-nls --with-gxx-include-dir=/usr/include/c++/4.1.3 --program-suffix=-4.1 --enable-__cxa_atexit --enable-clocale=gnu --enable-libstdcxx-debug --enable-mpfr --enable-checking=release i486-linux-gnu
Thread model: posix
gcc version 4.1.3 20070929 (prerelease) (Ubuntu 4.1.2-16ubuntu2)
configure:2885: $? = 0
configure:2892: gcc -V >&5
gcc: '-V' option must have argument
configure:2895: $? = 1
configure:2918: checking for C compiler default output file name
configure:2945: gcc -g3 -O0   conftest.c  >&5
configure:2948: $? = 0
configure:2986: result: a.out
configure:3003: checking whether the C compiler works
configure:3013: ./a.out
configure:3016: $? = 0
configure:3033: result: yes
configure:3040: checking whether we are cross compiling
configure:3042: result: no
configure:3045: checking for suffix of executables
configure:3052: gcc -o conftest -g3 -O0   conftest.c  >&5
configure:3055: $? = 0
configure:3079: result: 
configure:3085: checking for suffix of object files
configure:3111: gcc -c -g3 -O0  conftest.c >&5
configure:3114: $? = 0
configure:3137: result: o
configure:3141: checking whether we are using the GNU C compiler
configure:3170: gcc -c -g3 -O0  conftest.c >&5
configure:3176: $? = 0
configure:3193: result: yes
configure:3198: checking whether gcc accepts -g
configure:3228: gcc -c -g  conftest.c >&5
configure:3234: $? = 0
configure:3333: result: yes
configure:3350: checking for gcc option to accept ISO C89
configure:3424: gcc  -c -g3 -O0  conftest.c >&5
configure:3430: $? = 0
configure:3453: result: none needed
configure:3482: checking for style of include used by make
configure:3510: result: GNU
configure:3535: checking dependency style of gcc
configure:3626: result: gcc3
configure:3699: checking for g++
configure:3715: found /usr/bin/g++
configure:3726: result: g++
configure:3757: checking for C++ compiler version
configure:3764: g++ --version >&5
g++ (GCC) 4.1.3 20070929 (prerelease) (Ubuntu 4.1.2-16ubuntu2)
Copyright (C) 2006 Free Software Foundation, Inc.
This is free software; see the source for copying conditions.  There is NO
warranty; not even for MERCHANTABILITY or FITNESS FOR A PARTICULAR PURPOSE.

configure:3767: $? = 0
configure:3774: g++ -v >&5
Using built-in specs.
Target: i486-linux-gnu
Configured with: ../src/configure -v --enable-languages=c,c++,fortran,objc,obj-c++,treelang --prefix=/usr --enable-shared --with-system-zlib --libexecdir=/usr/lib --without-included-gettext --enable-threads=posix --enable-nls --with-gxx-include-dir=/usr/include/c++/4.1.3 --program-suffix=-4.1 --enable-__cxa_atexit --enable-clocale=gnu --enable-libstdcxx-debug --enable-mpfr --enable-checking=release i486-linux-gnu
Thread model: posix
gcc version 4.1.3 20070929 (prerelease) (Ubuntu 4.1.2-16ubuntu2)
configure:3777: $? = 0
configure:3784: g++ -V >&5
g++: '-V' option must have argument
configure:3787: $? = 1
configure:3790: checking whether we are using the GNU C++ compiler
configure:3819: g++ -c   conftest.cpp >&5
configure:3825: $? = 0
configure:3842: result: yes
configure:3847: checking whether g++ accepts -g
configure:3877: g++ -c -g  conftest.cpp >&5
configure:3883: $? = 0
configure:3982: result: yes
configure:4007: checking dependency style of g++
configure:4098: result: gcc3
configure:4118: checking how to run the C preprocessor
configure:4158: gcc -E  conftest.c
configure:4164: $? = 0
configure:4195: gcc -E  conftest.c
conftest.c:10:28: error: ac_nonexistent.h: No such file or directory
configure:4201: $? = 1
configure: failed program was:
| /* confdefs.h.  */
| #define PACKAGE_NAME "guththilac-src"
| #define PACKAGE_TARNAME "guththilac-src"
| #define PACKAGE_VERSION "1.6.0"
| #define PACKAGE_STRING "guththilac-src 1.6.0"
| #define PACKAGE_BUGREPORT ""
| #define PACKAGE "guththilac-src"
| #define VERSION "1.6.0"
| /* end confdefs.h.  */
| #include <ac_nonexistent.h>
configure:4234: result: gcc -E
configure:4263: gcc -E  conftest.c
configure:4269: $? = 0
configure:4300: gcc -E  conftest.c
conftest.c:10:28: error: ac_nonexistent.h: No such file or directory
configure:4306: $? = 1
configure: failed program was:
| /* confdefs.h.  */
| #define PACKAGE_NAME "guththilac-src"
| #define PACKAGE_TARNAME "guththilac-src"
| #define PACKAGE_VERSION "1.6.0"
| #define PACKAGE_STRING "guththilac-src 1.6.0"
| #define PACKAGE_BUGREPORT ""
| #define PACKAGE "guththilac-src"
| #define VERSION "1.6.0"
| /* end confdefs.h.  */
| #include <ac_nonexistent.h>
configure:4415: checking for a sed that does not truncate output
configure:4471: result: /bin/sed
configure:4474: checking for grep that handles long lines and -e
configure:4548: result: /bin/grep
configure:4553: checking for egrep
configure:4631: result: /bin/grep -E
configure:4647: checking for ld used by gcc
configure:4714: result: /usr/bin/ld
configure:4723: checking if the linker (/usr/bin/ld) is GNU ld
configure:4738: result: yes
configure:4743: checking for /usr/bin/ld option to reload object files
configure:4750: result: -r
configure:4768: checking for BSD-compatible nm
configure:4817: result: /usr/bin/nm -B
configure:4821: checking whether ln -s works
configure:4825: result: yes
configure:4832: checking how to recognize dependent libraries
configure:5018: result: pass_all
configure:5255: checking for ANSI C header files
configure:5285: gcc -c -g3 -O0  conftest.c >&5
configure:5291: $? = 0
configure:5390: gcc -o conftest -g3 -O0   conftest.c  >&5
configure:5393: $? = 0
configure:5399: ./conftest
configure:5402: $? = 0
configure:5419: result: yes
configure:5443: checking for sys/types.h
configure:5464: gcc -c -g3 -O0  conftest.c >&5
configure:5470: $? = 0
configure:5486: result: yes
configure:5443: checking for sys/stat.h
configure:5464: gcc -c -g3 -O0  conftest.c >&5
configure:5470: $? = 0
configure:5486: result: yes
configure:5443: checking for stdlib.h
configure:5464: gcc -c -g3 -O0  conftest.c >&5
configure:5470: $? = 0
configure:5486: result: yes
configure:5443: checking for string.h
configure:5464: gcc -c -g3 -O0  conftest.c >&5
configure:5470: $? = 0
configure:5486: result: yes
configure:5443: checking for memory.h
configure:5464: gcc -c -g3 -O0  conftest.c >&5
configure:5470: $? = 0
configure:5486: result: yes
configure:5443: checking for strings.h
configure:5464: gcc -c -g3 -O0  conftest.c >&5
configure:5470: $? = 0
configure:5486: result: yes
configure:5443: checking for inttypes.h
configure:5464: gcc -c -g3 -O0  conftest.c >&5
configure:5470: $? = 0
configure:5486: result: yes
configure:5443: checking for stdint.h
configure:5464: gcc -c -g3 -O0  conftest.c >&5
configure:5470: $? = 0
configure:5486: result: yes
configure:5443: checking for unistd.h
configure:5464: gcc -c -g3 -O0  conftest.c >&5
configure:5470: $? = 0
configure:5486: result: yes
configure:5513: checking dlfcn.h usability
configure:5530: gcc -c -g3 -O0  conftest.c >&5
configure:5536: $? = 0
configure:5550: result: yes
configure:5554: checking dlfcn.h presence
configure:5569: gcc -E  conftest.c
configure:5575: $? = 0
configure:5589: result: yes
configure:5617: checking for dlfcn.h
configure:5625: result: yes
configure:5648: checking how to run the C++ preprocessor
configure:5684: g++ -E  conftest.cpp
configure:5690: $? = 0
configure:5721: g++ -E  conftest.cpp
conftest.cpp:21:28: error: ac_nonexistent.h: No such file or directory
configure:5727: $? = 1
configure: failed program was:
| /* confdefs.h.  */
| #define PACKAGE_NAME "guththilac-src"
| #define PACKAGE_TARNAME "guththilac-src"
| #define PACKAGE_VERSION "1.6.0"
| #define PACKAGE_STRING "guththilac-src 1.6.0"
| #define PACKAGE_BUGREPORT ""
| #define PACKAGE "guththilac-src"
| #define VERSION "1.6.0"
| #define STDC_HEADERS 1
| #define HAVE_SYS_TYPES_H 1
| #define HAVE_SYS_STAT_H 1
| #define HAVE_STDLIB_H 1
| #define HAVE_STRING_H 1
| #define HAVE_MEMORY_H 1
| #define HAVE_STRINGS_H 1
| #define HAVE_INTTYPES_H 1
| #define HAVE_STDINT_H 1
| #define HAVE_UNISTD_H 1
| #define HAVE_DLFCN_H 1
| /* end confdefs.h.  */
| #include <ac_nonexistent.h>
configure:5760: result: g++ -E
configure:5789: g++ -E  conftest.cpp
configure:5795: $? = 0
configure:5826: g++ -E  conftest.cpp
conftest.cpp:21:28: error: ac_nonexistent.h: No such file or directory
configure:5832: $? = 1
configure: failed program was:
| /* confdefs.h.  */
| #define PACKAGE_NAME "guththilac-src"
| #define PACKAGE_TARNAME "guththilac-src"
| #define PACKAGE_VERSION "1.6.0"
| #define PACKAGE_STRING "guththilac-src 1.6.0"
| #define PACKAGE_BUGREPORT ""
| #define PACKAGE "guththilac-src"
| #define VERSION "1.6.0"
| #define STDC_HEADERS 1
| #define HAVE_SYS_TYPES_H 1
| #define HAVE_SYS_STAT_H 1
| #define HAVE_STDLIB_H 1
| #define HAVE_STRING_H 1
| #define HAVE_MEMORY_H 1
| #define HAVE_STRINGS_H 1
| #define HAVE_INTTYPES_H 1
| #define HAVE_STDINT_H 1
| #define HAVE_UNISTD_H 1
| #define HAVE_DLFCN_H 1
| /* end confdefs.h.  */
| #include <ac_nonexistent.h>
configure:5925: checking for g77
configure:5955: result: no
configure:5925: checking for xlf
configure:5955: result: no
configure:5925: checking for f77
configure:5955: result: no
configure:5925: checking for frt
configure:5955: result: no
configure:5925: checking for pgf77
configure:5955: result: no
configure:5925: checking for cf77
configure:5955: result: no
configure:5925: checking for fort77
configure:5955: result: no
configure:5925: checking for fl32
configure:5955: result: no
configure:5925: checking for af77
configure:5955: result: no
configure:5925: checking for xlf90
configure:5955: result: no
configure:5925: checking for f90
configure:5955: result: no
configure:5925: checking for pgf90
configure:5955: result: no
configure:5925: checking for pghpf
configure:5955: result: no
configure:5925: checking for epcf90
configure:5955: result: no
configure:5925: checking for gfortran
configure:5955: result: no
configure:5925: checking for g95
configure:5955: result: no
configure:5925: checking for xlf95
configure:5955: result: no
configure:5925: checking for f95
configure:5955: result: no
configure:5925: checking for fort
configure:5955: result: no
configure:5925: checking for ifort
configure:5955: result: no
configure:5925: checking for ifc
configure:5955: result: no
configure:5925: checking for efc
configure:5955: result: no
configure:5925: checking for pgf95
configure:5955: result: no
configure:5925: checking for lf95
configure:5955: result: no
configure:5925: checking for ftn
configure:5955: result: no
configure:5982: checking for Fortran 77 compiler version
configure:5989:  --version >&5
./configure: line 5990: --version: command not found
configure:5992: $? = 127
configure:5999:  -v >&5
./configure: line 6000: -v: command not found
configure:6002: $? = 127
configure:6009:  -V >&5
./configure: line 6010: -V: command not found
configure:6012: $? = 127
configure:6020: checking whether we are using the GNU Fortran 77 compiler
configure:6039:  -c  conftest.F >&5
./configure: line 6040: -c: command not found
configure:6045: $? = 127
configure: failed program was:
|       program main
| #ifndef __GNUC__
|        choke me
| #endif
| 
|       end
configure:6062: result: no
configure:6068: checking whether  accepts -g
configure:6085:  -c -g conftest.f >&5
./configure: line 6086: -c: command not found
configure:6091: $? = 127
configure: failed program was:
|       program main
| 
|       end
configure:6107: result: no
configure:6137: checking the maximum length of command line arguments
configure:6249: result: 98304
configure:6261: checking command to parse /usr/bin/nm -B output from gcc object
configure:6366: gcc -c -g3 -O0  conftest.c >&5
configure:6369: $? = 0
configure:6373: /usr/bin/nm -B conftest.o \| sed -n -e 's/^.*[ 	]\([ABCDGIRSTW][ABCDGIRSTW]*\)[ 	][ 	]*\([_A-Za-z][_A-Za-z0-9]*\)$/\1 \2 \2/p' \> conftest.nm
configure:6376: $? = 0
configure:6428: gcc -o conftest -g3 -O0   conftest.c conftstm.o >&5
configure:6431: $? = 0
configure:6469: result: ok
configure:6473: checking for objdir
configure:6488: result: .libs
configure:6580: checking for ar
configure:6596: found /usr/bin/ar
configure:6607: result: ar
configure:6676: checking for ranlib
configure:6692: found /usr/bin/ranlib
configure:6703: result: ranlib
configure:6772: checking for strip
configure:6788: found /usr/bin/strip
configure:6799: result: strip
configure:7085: checking if gcc supports -fno-rtti -fno-exceptions
configure:7103: gcc -c -g3 -O0  -fno-rtti -fno-exceptions conftest.c >&5
cc1: warning: command line option "-fno-rtti" is valid for C++/ObjC++ but not for C
configure:7107: $? = 0
configure:7120: result: no
configure:7135: checking for gcc option to produce PIC
configure:7367: result: -fPIC
configure:7375: checking if gcc PIC flag -fPIC works
configure:7393: gcc -c -g3 -O0  -fPIC -DPIC conftest.c >&5
configure:7397: $? = 0
configure:7410: result: yes
configure:7438: checking if gcc static flag -static works
configure:7466: result: yes
configure:7476: checking if gcc supports -c -o file.o
configure:7497: gcc -c -g3 -O0  -o out/conftest2.o conftest.c >&5
configure:7501: $? = 0
configure:7523: result: yes
configure:7549: checking whether the gcc linker (/usr/bin/ld) supports shared libraries
configure:8530: result: yes
configure:8551: checking whether -lc should be explicitly linked in
configure:8556: gcc -c -g3 -O0  conftest.c >&5
configure:8559: $? = 0
configure:8574: gcc -shared conftest.o  -v -Wl,-soname -Wl,conftest -o conftest 2\>\&1 \| grep  -lc  \>/dev/null 2\>\&1
configure:8577: $? = 0
configure:8589: result: no
configure:8597: checking dynamic linker characteristics
configure:9211: result: GNU/Linux ld.so
configure:9220: checking how to hardcode library paths into programs
configure:9245: result: immediate
configure:9259: checking whether stripping libraries is possible
configure:9264: result: yes
configure:10066: checking if libtool supports shared libraries
configure:10068: result: yes
configure:10071: checking whether to build shared libraries
configure:10092: result: yes
configure:10095: checking whether to build static libraries
configure:10099: result: yes
configure:10192: creating libtool
configure:10780: checking for ld used by g++
configure:10847: result: /usr/bin/ld
configure:10856: checking if the linker (/usr/bin/ld) is GNU ld
configure:10871: result: yes
configure:10922: checking whether the g++ linker (/usr/bin/ld) supports shared libraries
configure:11896: result: yes
configure:11914: g++ -c -g -O2  conftest.cpp >&5
configure:11917: $? = 0
configure:12069: checking for g++ option to produce PIC
configure:12353: result: -fPIC
configure:12361: checking if g++ PIC flag -fPIC works
configure:12379: g++ -c -g -O2  -fPIC -DPIC conftest.cpp >&5
configure:12383: $? = 0
configure:12396: result: yes
configure:12424: checking if g++ static flag -static works
configure:12452: result: yes
configure:12462: checking if g++ supports -c -o file.o
configure:12483: g++ -c -g -O2  -o out/conftest2.o conftest.cpp >&5
configure:12487: $? = 0
configure:12509: result: yes
configure:12535: checking whether the g++ linker (/usr/bin/ld) supports shared libraries
configure:12563: result: yes
configure:12630: checking dynamic linker characteristics
configure:13192: result: GNU/Linux ld.so
configure:13201: checking how to hardcode library paths into programs
configure:13226: result: immediate
configure:19436: checking for a BSD-compatible install
configure:19492: result: /usr/bin/install -c
configure:19503: checking whether ln -s works
configure:19507: result: yes
configure:19514: checking whether make sets $(MAKE)
configure:19535: result: yes
configure:19545: checking for ISO C99 varargs macros in C
configure:19572: gcc -c -g3 -O0  conftest.c >&5
configure:19578: $? = 0
configure:19592: result: yes
configure:19595: checking for GNUC varargs macros
configure:19622: gcc -c -g3 -O0  conftest.c >&5
configure:19628: $? = 0
configure:19642: result: yes
configure:19661: checking for dlopen in -ldl
configure:19696: gcc -o conftest -g3 -O0   conftest.c -ldl   >&5
configure:19702: $? = 0
configure:19720: result: yes
configure:19740: checking for ANSI C header files
configure:19904: result: yes
configure:19931: checking stdio.h usability
configure:19948: gcc -c -g3 -O0 -D_LARGEFILE64_SOURCE -DAXIS2_GUTHTHILA_ENABLED -ansi -ggdb3 -Wall -Wno-implicit-function-declaration   conftest.c >&5
configure:19954: $? = 0
configure:19968: result: yes
configure:19972: checking stdio.h presence
configure:19987: gcc -E  conftest.c
configure:19993: $? = 0
configure:20007: result: yes
configure:20035: checking for stdio.h
configure:20043: result: yes
configure:19921: checking for stdlib.h
configure:19927: result: yes
configure:19921: checking for string.h
configure:19927: result: yes
configure:20057: checking for an ANSI C-conforming const
configure:20132: gcc -c -g3 -O0 -D_LARGEFILE64_SOURCE -DAXIS2_GUTHTHILA_ENABLED -ansi -ggdb3 -Wall -Wno-implicit-function-declaration   conftest.c >&5
configure:20138: $? = 0
configure:20153: result: yes
configure:20169: checking for stdlib.h
configure:20175: result: yes
configure:20304: checking for GNU libc compatible malloc
configure:20338: gcc -o conftest -g3 -O0 -D_LARGEFILE64_SOURCE -DAXIS2_GUTHTHILA_ENABLED -ansi -ggdb3 -Wall -Wno-implicit-function-declaration    -lpthread conftest.c -ldl  >&5
configure:20341: $? = 0
configure:20347: ./conftest
configure:20350: $? = 0
configure:20366: result: yes
configure:20399: checking for stdlib.h
configure:20405: result: yes
configure:20534: checking for GNU libc compatible realloc
configure:20568: gcc -o conftest -g3 -O0 -D_LARGEFILE64_SOURCE -DAXIS2_GUTHTHILA_ENABLED -ansi -ggdb3 -Wall -Wno-implicit-function-declaration    -lpthread conftest.c -ldl  >&5
configure:20571: $? = 0
configure:20577: ./conftest
configure:20580: $? = 0
configure:20596: result: yes
configure:20757: creating ./config.status

## ---------------------- ##
## Running config.status. ##
## ---------------------- ##

This file was extended by guththilac-src config.status 1.6.0, which was
generated by GNU Autoconf 2.61.  Invocation command line was

  CONFIG_FILES    = 
  CONFIG_HEADERS  = 
  CONFIG_LINKS    = 
  CONFIG_COMMANDS = 
  $ ./config.status 

on manjula

config.status:669: creating Makefile
config.status:669: creating src/Makefile
config.status:669: creating config.h
config.status:953: executing depfiles commands

## ---------------- ##
## Cache variables. ##
## ---------------- ##

ac_cv_build=i686-pc-linux-gnu
ac_cv_c_compiler_gnu=yes
ac_cv_c_const=yes
ac_cv_cxx_compiler_gnu=yes
ac_cv_env_CCC_set=
ac_cv_env_CCC_value=
ac_cv_env_CC_set=
ac_cv_env_CC_value=
ac_cv_env_CFLAGS_set=set
ac_cv_env_CFLAGS_value='-g3 -O0'
ac_cv_env_CPPFLAGS_set=
ac_cv_env_CPPFLAGS_value=
ac_cv_env_CPP_set=
ac_cv_env_CPP_value=
ac_cv_env_CXXCPP_set=
ac_cv_env_CXXCPP_value=
ac_cv_env_CXXFLAGS_set=
ac_cv_env_CXXFLAGS_value=
ac_cv_env_CXX_set=
ac_cv_env_CXX_value=
ac_cv_env_F77_set=
ac_cv_env_F77_value=
ac_cv_env_FFLAGS_set=
ac_cv_env_FFLAGS_value=
ac_cv_env_LDFLAGS_set=
ac_cv_env_LDFLAGS_value=
ac_cv_env_LIBS_set=
ac_cv_env_LIBS_value=
ac_cv_env_build_alias_set=
ac_cv_env_build_alias_value=
ac_cv_env_host_alias_set=
ac_cv_env_host_alias_value=
ac_cv_env_target_alias_set=
ac_cv_env_target_alias_value=
ac_cv_f77_compiler_gnu=no
ac_cv_func_malloc_0_nonnull=yes
ac_cv_func_realloc_0_nonnull=yes
ac_cv_header_dlfcn_h=yes
ac_cv_header_inttypes_h=yes
ac_cv_header_memory_h=yes
ac_cv_header_stdc=yes
ac_cv_header_stdint_h=yes
ac_cv_header_stdio_h=yes
ac_cv_header_stdlib_h=yes
ac_cv_header_string_h=yes
ac_cv_header_strings_h=yes
ac_cv_header_sys_stat_h=yes
ac_cv_header_sys_types_h=yes
ac_cv_header_unistd_h=yes
ac_cv_host=i686-pc-linux-gnu
ac_cv_lib_dl_dlopen=yes
ac_cv_objext=o
ac_cv_path_EGREP='/bin/grep -E'
ac_cv_path_GREP=/bin/grep
ac_cv_path_install='/usr/bin/install -c'
ac_cv_path_mkdir=/bin/mkdir
ac_cv_prog_AWK=mawk
ac_cv_prog_CPP='gcc -E'
ac_cv_prog_CXXCPP='g++ -E'
ac_cv_prog_ac_ct_AR=ar
ac_cv_prog_ac_ct_CC=gcc
ac_cv_prog_ac_ct_CXX=g++
ac_cv_prog_ac_ct_RANLIB=ranlib
ac_cv_prog_ac_ct_STRIP=strip
ac_cv_prog_cc_c89=
ac_cv_prog_cc_g=yes
ac_cv_prog_cxx_g=yes
ac_cv_prog_f77_g=no
ac_cv_prog_make_make_set=yes
ac_cv_target=i686-pc-linux-gnu
am_cv_CC_dependencies_compiler_type=gcc3
am_cv_CXX_dependencies_compiler_type=gcc3
lt_cv_deplibs_check_method=pass_all
lt_cv_file_magic_cmd='$MAGIC_CMD'
lt_cv_file_magic_test_file=
lt_cv_ld_reload_flag=-r
lt_cv_objdir=.libs
lt_cv_path_LD=/usr/bin/ld
lt_cv_path_LDCXX=/usr/bin/ld
lt_cv_path_NM='/usr/bin/nm -B'
lt_cv_path_SED=/bin/sed
lt_cv_prog_compiler_c_o=yes
lt_cv_prog_compiler_c_o_CXX=yes
lt_cv_prog_compiler_rtti_exceptions=no
lt_cv_prog_gnu_ld=yes
lt_cv_prog_gnu_ldcxx=yes
lt_cv_sys_global_symbol_pipe='sed -n -e '\''s/^.*[ 	]\([ABCDGIRSTW][ABCDGIRSTW]*\)[ 	][ 	]*\([_A-Za-z][_A-Za-z0-9]*\)$/\1 \2 \2/p'\'''
lt_cv_sys_global_symbol_to_c_name_address='sed -n -e '\''s/^: \([^ ]*\) $/  {\"\1\", (lt_ptr) 0},/p'\'' -e '\''s/^[BCDEGRST] \([^ ]*\) \([^ ]*\)$/  {"\2", (lt_ptr) \&\2},/p'\'''
lt_cv_sys_global_symbol_to_cdecl='sed -n -e '\''s/^. .* \(.*\)$/extern int \1;/p'\'''
lt_cv_sys_max_cmd_len=98304
lt_lt_cv_prog_compiler_c_o='"yes"'
lt_lt_cv_prog_compiler_c_o_CXX='"yes"'
lt_lt_cv_sys_global_symbol_pipe='"sed -n -e '\''s/^.*[ 	]\\([ABCDGIRSTW][ABCDGIRSTW]*\\)[ 	][ 	]*\\([_A-Za-z][_A-Za-z0-9]*\\)\$/\\1 \\2 \\2/p'\''"'
lt_lt_cv_sys_global_symbol_to_c_name_address='"sed -n -e '\''s/^: \\([^ ]*\\) \$/  {\\\"\\1\\\", (lt_ptr) 0},/p'\'' -e '\''s/^[BCDEGRST] \\([^ ]*\\) \\([^ ]*\\)\$/  {\"\\2\", (lt_ptr) \\&\\2},/p'\''"'
lt_lt_cv_sys_global_symbol_to_cdecl='"sed -n -e '\''s/^. .* \\(.*\\)\$/extern int \\1;/p'\''"'

## ----------------- ##
## Output variables. ##
## ----------------- ##

ACLOCAL='${SHELL} /home/manjula/release/c/guththila/missing --run aclocal-1.10'
AMDEPBACKSLASH='\'
AMDEP_FALSE='#'
AMDEP_TRUE=''
AMTAR='${SHELL} /home/manjula/release/c/guththila/missing --run tar'
AR='ar'
AUTOCONF='${SHELL} /home/manjula/release/c/guththila/missing --run autoconf'
AUTOHEADER='${SHELL} /home/manjula/release/c/guththila/missing --run autoheader'
AUTOMAKE='${SHELL} /home/manjula/release/c/guththila/missing --run automake-1.10'
AWK='mawk'
CC='gcc'
CCDEPMODE='depmode=gcc3'
CFLAGS='-g3 -O0 -D_LARGEFILE64_SOURCE -DAXIS2_GUTHTHILA_ENABLED -ansi -ggdb3 -Wall -Wno-implicit-function-declaration '
CPP='gcc -E'
CPPFLAGS=''
CXX='g++'
CXXCPP='g++ -E'
CXXDEPMODE='depmode=gcc3'
CXXFLAGS='-g -O2'
CYGPATH_W='echo'
DEFS='-DHAVE_CONFIG_H'
DEPDIR='.deps'
ECHO='echo'
ECHO_C=''
ECHO_N='-n'
ECHO_T=''
EGREP='/bin/grep -E'
EXEEXT=''
F77=''
FFLAGS=''
GREP='/bin/grep'
INSTALL_DATA='${INSTALL} -m 644'
INSTALL_PROGRAM='${INSTALL}'
INSTALL_SCRIPT='${INSTALL}'
INSTALL_STRIP_PROGRAM='$(install_sh) -c -s'
LDFLAGS=' -lpthread'
LIBOBJS=''
LIBS='-ldl '
LIBTOOL='$(SHELL) $(top_builddir)/libtool'
LN_S='ln -s'
LTLIBOBJS=''
MAKEINFO='${SHELL} /home/manjula/release/c/guththila/missing --run makeinfo'
OBJEXT='o'
PACKAGE='guththilac-src'
PACKAGE_BUGREPORT=''
PACKAGE_NAME='guththilac-src'
PACKAGE_STRING='guththilac-src 1.6.0'
PACKAGE_TARNAME='guththilac-src'
PACKAGE_VERSION='1.6.0'
PATH_SEPARATOR=':'
RANLIB='ranlib'
SED='/bin/sed'
SET_MAKE=''
SHELL='/bin/bash'
STRIP='strip'
UTILINC=''
VERSION='1.6.0'
VERSION_NO='6:0:6'
ac_ct_CC='gcc'
ac_ct_CXX='g++'
ac_ct_F77=''
am__fastdepCC_FALSE='#'
am__fastdepCC_TRUE=''
am__fastdepCXX_FALSE='#'
am__fastdepCXX_TRUE=''
am__include='include'
am__isrc=''
am__leading_dot='.'
am__quote=''
am__tar='${AMTAR} chof - "$$tardir"'
am__untar='${AMTAR} xf -'
bindir='${exec_prefix}/bin'
build='i686-pc-linux-gnu'
build_alias=''
build_cpu='i686'
build_os='linux-gnu'
build_vendor='pc'
datadir='${datarootdir}'
datarootdir='${prefix}/share'
docdir='${datarootdir}/doc/${PACKAGE_TARNAME}'
dvidir='${docdir}'
exec_prefix='${prefix}'
host='i686-pc-linux-gnu'
host_alias=''
host_cpu='i686'
host_os='linux-gnu'
host_vendor='pc'
htmldir='${docdir}'
includedir='${prefix}/include'
infodir='${datarootdir}/info'
install_sh='$(SHELL) /home/manjula/release/c/guththila/install-sh'
libdir='${exec_prefix}/lib'
libexecdir='${exec_prefix}/libexec'
localedir='${datarootdir}/locale'
localstatedir='${prefix}/var'
mandir='${datarootdir}/man'
mkdir_p='/bin/mkdir -p'
oldincludedir='/usr/include'
pdfdir='${docdir}'
prefix='/home/manjula/release/c/deploy'
program_transform_name='s,x,x,'
psdir='${docdir}'
sbindir='${exec_prefix}/sbin'
sharedstatedir='${prefix}/com'
sysconfdir='${prefix}/etc'
target='i686-pc-linux-gnu'
target_alias=''
target_cpu='i686'
target_os='linux-gnu'
target_vendor='pc'

## ----------- ##
## confdefs.h. ##
## ----------- ##

#define PACKAGE_NAME "guththilac-src"
#define PACKAGE_TARNAME "guththilac-src"
#define PACKAGE_VERSION "1.6.0"
#define PACKAGE_STRING "guththilac-src 1.6.0"
#define PACKAGE_BUGREPORT ""
#define PACKAGE "guththilac-src"
#define VERSION "1.6.0"
#define STDC_HEADERS 1
#define HAVE_SYS_TYPES_H 1
#define HAVE_SYS_STAT_H 1
#define HAVE_STDLIB_H 1
#define HAVE_STRING_H 1
#define HAVE_MEMORY_H 1
#define HAVE_STRINGS_H 1
#define HAVE_INTTYPES_H 1
#define HAVE_STDINT_H 1
#define HAVE_UNISTD_H 1
#define HAVE_DLFCN_H 1
#define HAVE_ISO_VARARGS 1
#define HAVE_GNUC_VARARGS 1
#define HAVE_LIBDL 1
#define STDC_HEADERS 1
#define HAVE_STDIO_H 1
#define HAVE_STDLIB_H 1
#define HAVE_STRING_H 1
#define HAVE_STDLIB_H 1
#define HAVE_MALLOC 1
#define HAVE_STDLIB_H 1
#define HAVE_REALLOC 1

configure: exit 0
